2025-07-15 17:09:15,856 - INFO - ==================================================
2025-07-15 17:09:15,856 - INFO - 💰 금융상품 추천 시스템 시작
2025-07-15 17:09:15,857 - INFO - ==================================================
2025-07-15 17:09:15,858 - INFO - 🌐 웹 애플리케이션을 시작합니다...
2025-07-15 17:09:15,890 - INFO - Use pytorch device_name: cpu
2025-07-15 17:09:15,890 - INFO - Load pretrained SentenceTransformer: kakaobank/kf-deberta-base
2025-07-15 17:09:16,143 - WARNING - No sentence-transformers model found with name kakaobank/kf-deberta-base. Creating a new one with mean pooling.
2025-07-15 17:10:28,938 - INFO - ==================================================
2025-07-15 17:10:28,939 - INFO - 💰 금융상품 추천 시스템 시작
2025-07-15 17:10:28,940 - INFO - ==================================================
2025-07-15 17:10:28,941 - INFO - 🌐 웹 애플리케이션을 시작합니다...
2025-07-15 17:10:28,975 - INFO - Use pytorch device_name: cpu
2025-07-15 17:10:28,976 - INFO - Load pretrained SentenceTransformer: kakaobank/kf-deberta-base
2025-07-15 17:10:29,231 - WARNING - No sentence-transformers model found with name kakaobank/kf-deberta-base. Creating a new one with mean pooling.
2025-07-15 17:10:32,291 - INFO - 🤖 KF-DeBERTa 모델 (kakaobank/kf-deberta-base) 초기화 완료
2025-07-15 17:10:32,299 - INFO - 🔧 벡터 스토어 초기화 시작
2025-07-15 17:10:32,382 - INFO - ✅ KF-DeBERTa 벡터 인덱스 로드 완료: 1373개 문서
2025-07-15 17:10:32,382 - INFO - ✅ 벡터 스토어 초기화 완료
2025-07-15 17:10:34,432 - INFO - ==================================================
2025-07-15 17:10:34,432 - INFO - 💰 금융상품 추천 시스템 시작
2025-07-15 17:10:34,433 - INFO - ==================================================
2025-07-15 17:10:34,433 - INFO - 🌐 웹 애플리케이션을 시작합니다...
2025-07-15 17:10:36,589 - INFO - ==================================================
2025-07-15 17:10:36,591 - INFO - 💰 금융상품 추천 시스템 시작
2025-07-15 17:10:36,592 - INFO - ==================================================
2025-07-15 17:10:36,593 - INFO - 🌐 웹 애플리케이션을 시작합니다...
2025-07-15 17:10:36,601 - INFO - 🔍 추천 요청: 이제 막 취업했는데, 3년 안에 1,000만 원 모아서 유럽 여행 가고 싶어요. 안정적인 ...
2025-07-15 17:10:36,602 - INFO - 1️⃣  쿼리 분석 시작
2025-07-15 17:10:38,441 - INFO - ✅ 쿼리 분석 완료
2025-07-15 17:10:38,443 - INFO - 2️⃣  상품 검색 시작
2025-07-15 17:10:38,837 - INFO - 3️⃣  추천 생성 시작
2025-07-15 17:10:45,146 - INFO - ✅ 추천 생성 완료
2025-07-15 17:10:45,147 - INFO - ✅ 추천 완료
2025-07-15 17:10:57,430 - INFO - ==================================================
2025-07-15 17:10:57,431 - INFO - 💰 금융상품 추천 시스템 시작
2025-07-15 17:10:57,431 - INFO - ==================================================
2025-07-15 17:10:57,432 - INFO - 🌐 웹 애플리케이션을 시작합니다...
2025-07-15 17:10:58,495 - INFO - ==================================================
2025-07-15 17:10:58,495 - INFO - 💰 금융상품 추천 시스템 시작
2025-07-15 17:10:58,496 - INFO - ==================================================
2025-07-15 17:10:58,496 - INFO - 🌐 웹 애플리케이션을 시작합니다...
2025-07-15 17:10:58,501 - INFO - 🔍 추천 요청: 30대 중반인데 노후 준비를 시작해야 할 것 같아요. 세금 혜택도 있는 상품이면 좋겠습니다...
2025-07-15 17:10:58,501 - INFO - 1️⃣  쿼리 분석 시작
2025-07-15 17:10:59,549 - INFO - ✅ 쿼리 분석 완료
2025-07-15 17:10:59,551 - INFO - 2️⃣  상품 검색 시작
2025-07-15 17:10:59,701 - INFO - 3️⃣  추천 생성 시작
2025-07-15 17:11:04,979 - INFO - ✅ 추천 생성 완료
2025-07-15 17:11:04,981 - INFO - ✅ 추천 완료
2025-07-15 17:11:15,179 - INFO - ==================================================
2025-07-15 17:11:15,180 - INFO - 💰 금융상품 추천 시스템 시작
2025-07-15 17:11:15,181 - INFO - ==================================================
2025-07-15 17:11:15,181 - INFO - 🌐 웹 애플리케이션을 시작합니다...
2025-07-15 17:11:16,224 - INFO - ==================================================
2025-07-15 17:11:16,225 - INFO - 💰 금융상품 추천 시스템 시작
2025-07-15 17:11:16,225 - INFO - ==================================================
2025-07-15 17:11:16,226 - INFO - 🌐 웹 애플리케이션을 시작합니다...
2025-07-15 17:11:16,233 - INFO - 🔍 추천 요청: 생애 최초로 집을 사려는데 어떤 대출이 좋을까요? 연봉은 6,000만 원입니다....
2025-07-15 17:11:16,234 - INFO - 1️⃣  쿼리 분석 시작
2025-07-15 17:11:17,209 - INFO - ✅ 쿼리 분석 완료
2025-07-15 17:11:17,210 - INFO - 2️⃣  상품 검색 시작
2025-07-15 17:11:17,346 - INFO - 3️⃣  추천 생성 시작
2025-07-15 17:11:23,791 - INFO - ✅ 추천 생성 완료
2025-07-15 17:11:23,792 - INFO - ✅ 추천 완료
2025-07-15 17:12:17,157 - INFO - ==================================================
2025-07-15 17:12:17,157 - INFO - 💰 금융상품 추천 시스템 시작
2025-07-15 17:12:17,158 - INFO - ==================================================
2025-07-15 17:12:17,159 - INFO - 🌐 웹 애플리케이션을 시작합니다...
2025-07-15 17:12:21,081 - INFO - ==================================================
2025-07-15 17:12:21,082 - INFO - 💰 금융상품 추천 시스템 시작
2025-07-15 17:12:21,083 - INFO - ==================================================
2025-07-15 17:12:21,083 - INFO - 🌐 웹 애플리케이션을 시작합니다...
2025-07-15 17:12:21,089 - INFO - 🔍 추천 요청: 서울 강남구 50평 아파트를 소유하고 있는데 이걸 담보로 돈을 빌릴 수 있을까?...
2025-07-15 17:12:21,090 - INFO - 1️⃣  쿼리 분석 시작
2025-07-15 17:12:22,190 - INFO - ✅ 쿼리 분석 완료
2025-07-15 17:12:22,191 - INFO - 2️⃣  상품 검색 시작
2025-07-15 17:12:22,333 - INFO - 3️⃣  추천 생성 시작
2025-07-15 17:12:28,468 - INFO - ✅ 추천 생성 완료
2025-07-15 17:12:28,470 - INFO - ✅ 추천 완료
2025-07-15 17:18:56,003 - INFO - ==================================================
2025-07-15 17:18:56,004 - INFO - 💰 금융상품 추천 시스템 시작
2025-07-15 17:18:56,005 - INFO - ==================================================
2025-07-15 17:18:56,006 - INFO - 🌐 웹 애플리케이션을 시작합니다...
2025-07-15 17:18:57,853 - INFO - ==================================================
2025-07-15 17:18:57,854 - INFO - 💰 금융상품 추천 시스템 시작
2025-07-15 17:18:57,855 - INFO - ==================================================
2025-07-15 17:18:57,855 - INFO - 🌐 웹 애플리케이션을 시작합니다...
2025-07-15 17:19:26,860 - INFO - ==================================================
2025-07-15 17:19:26,861 - INFO - 💰 금융상품 추천 시스템 시작
2025-07-15 17:19:26,861 - INFO - ==================================================
2025-07-15 17:19:26,862 - INFO - 🌐 웹 애플리케이션을 시작합니다...
2025-07-15 17:19:27,026 - INFO - ==================================================
2025-07-15 17:19:27,027 - INFO - 💰 금융상품 추천 시스템 시작
2025-07-15 17:19:27,027 - INFO - ==================================================
2025-07-15 17:19:27,027 - INFO - 🌐 웹 애플리케이션을 시작합니다...
2025-07-15 17:19:27,032 - INFO - 🔍 추천 요청: 1억 전세 계약하려는데 현금이 부족해. 내 연봉은 5천만원이야....
2025-07-15 17:19:27,033 - INFO - 1️⃣  쿼리 분석 시작
2025-07-15 17:19:28,500 - INFO - ✅ 쿼리 분석 완료
2025-07-15 17:19:28,501 - INFO - 2️⃣  상품 검색 시작
2025-07-15 17:19:28,766 - INFO - 3️⃣  추천 생성 시작
2025-07-15 17:19:34,728 - INFO - ✅ 추천 생성 완료
2025-07-15 17:19:34,729 - INFO - ✅ 추천 완료
2025-07-15 17:32:50,378 - INFO - ==================================================
2025-07-15 17:32:50,379 - INFO - 💰 금융상품 추천 시스템 시작
2025-07-15 17:32:50,379 - INFO - ==================================================
2025-07-15 17:32:50,380 - INFO - 🌐 웹 애플리케이션을 시작합니다...
2025-07-15 17:32:50,415 - INFO - Use pytorch device_name: cpu
2025-07-15 17:32:50,416 - INFO - Load pretrained SentenceTransformer: kakaobank/kf-deberta-base
2025-07-15 17:32:50,663 - WARNING - No sentence-transformers model found with name kakaobank/kf-deberta-base. Creating a new one with mean pooling.
2025-07-15 17:32:53,594 - INFO - ==================================================
2025-07-15 17:32:53,595 - INFO - 💰 금융상품 추천 시스템 시작
2025-07-15 17:32:53,596 - INFO - ==================================================
2025-07-15 17:32:53,597 - INFO - 🌐 웹 애플리케이션을 시작합니다...
2025-07-15 17:32:53,788 - INFO - 🤖 KF-DeBERTa 모델 (kakaobank/kf-deberta-base) 초기화 완료
2025-07-15 17:32:53,798 - INFO - 🔧 벡터 스토어 초기화 시작
2025-07-15 17:32:53,804 - ERROR - ❌ 인덱스 로드 실패: Error in faiss::FileIOReader::FileIOReader(const char*) at /project/faiss/faiss/impl/io.cpp:67: Error: 'f' failed: could not open ../data/vector_store/faiss_index.bin for reading: No such file or directory
2025-07-15 17:32:53,804 - INFO - 📁 기존 인덱스 없음, 새로 구축합니다
2025-07-15 17:32:53,805 - INFO - 📁 전처리된 데이터 로드 시작
2025-07-15 17:32:53,869 - INFO - ✅ deposit: 421개 상품 로드
2025-07-15 17:32:53,924 - INFO - ✅ saving: 324개 상품 로드
2025-07-15 17:32:53,966 - INFO - ✅ annuity: 343개 상품 로드
2025-07-15 17:32:53,989 - INFO - ✅ mortgage: 112개 상품 로드
2025-07-15 17:32:54,008 - INFO - ✅ rent: 61개 상품 로드
2025-07-15 17:32:54,031 - INFO - ✅ credit: 112개 상품 로드
2025-07-15 17:32:54,032 - INFO - 📊 총 1373개 상품 로드 완료
2025-07-15 17:32:54,033 - INFO - 🔧 KF-DeBERTa 벡터 인덱스 구축 시작
2025-07-15 17:32:54,035 - INFO - 🧠 KF-DeBERTa로 임베딩 생성 중...
2025-07-15 17:32:55,645 - INFO - ==================================================
2025-07-15 17:32:55,646 - INFO - 💰 금융상품 추천 시스템 시작
2025-07-15 17:32:55,647 - INFO - ==================================================
2025-07-15 17:32:55,648 - INFO - 🌐 웹 애플리케이션을 시작합니다...
2025-07-15 17:38:37,630 - INFO - ✅ KF-DeBERTa 벡터 인덱스 구축 완료: 1373개 문서
2025-07-15 17:38:37,641 - INFO - 📁 현재 작업 디렉토리: /mnt/c/Users/LEE/Documents/202506_VS/_1_financial_rag/1st_project/financial_rag/app
2025-07-15 17:38:37,642 - INFO - 💾 저장 경로: /mnt/c/Users/LEE/Documents/202506_VS/_1_financial_rag/1st_project/financial_rag/data/vector_store
2025-07-15 17:38:37,734 - INFO - ✅ FAISS 인덱스 저장: /mnt/c/Users/LEE/Documents/202506_VS/_1_financial_rag/1st_project/financial_rag/data/vector_store/kf_deberta_index.bin
2025-07-15 17:38:37,796 - INFO - ✅ 문서 메타데이터 저장: /mnt/c/Users/LEE/Documents/202506_VS/_1_financial_rag/1st_project/financial_rag/data/vector_store/documents.pkl
2025-07-15 17:38:37,807 - INFO - ✅ 모델 정보 저장: /mnt/c/Users/LEE/Documents/202506_VS/_1_financial_rag/1st_project/financial_rag/data/vector_store/model_info.txt
2025-07-15 17:38:37,815 - INFO - 📋 저장된 파일들: ['documents.pkl', 'kf_deberta_index.bin', 'model_info.txt']
2025-07-15 17:38:37,816 - INFO - ✅ 벡터 스토어 초기화 완료
2025-07-15 17:38:38,214 - INFO - 🔍 추천 요청: 이제 막 취업했는데, 3년 안에 1,000만 원 모아서 유럽 여행 가고 싶어요. 안정적인 ...
2025-07-15 17:38:38,215 - INFO - 1️⃣  쿼리 분석 시작
2025-07-15 17:38:39,979 - INFO - ✅ 쿼리 분석 완료
2025-07-15 17:38:39,981 - INFO - 2️⃣  상품 검색 시작
2025-07-15 17:38:40,133 - INFO - 3️⃣  추천 생성 시작
2025-07-15 17:38:46,356 - INFO - ✅ 추천 생성 완료
2025-07-15 17:38:46,357 - INFO - ✅ 추천 완료
2025-07-15 17:41:48,656 - INFO - ==================================================
2025-07-15 17:41:48,657 - INFO - 💰 금융상품 추천 시스템 시작
2025-07-15 17:41:48,657 - INFO - ==================================================
2025-07-15 17:41:48,657 - INFO - 🌐 웹 애플리케이션을 시작합니다...
2025-07-15 17:41:48,687 - INFO - Use pytorch device_name: cpu
2025-07-15 17:41:48,687 - INFO - Load pretrained SentenceTransformer: kakaobank/kf-deberta-base
2025-07-15 17:41:48,919 - WARNING - No sentence-transformers model found with name kakaobank/kf-deberta-base. Creating a new one with mean pooling.
2025-07-15 17:41:51,653 - INFO - 🤖 KF-DeBERTa 모델 (kakaobank/kf-deberta-base) 초기화 완료
2025-07-15 17:41:51,667 - INFO - 🔧 벡터 스토어 초기화 시작
2025-07-15 17:41:51,761 - INFO - ✅ KF-DeBERTa 벡터 인덱스 로드 완료: 1373개 문서
2025-07-15 17:41:51,761 - INFO - ✅ 벡터 스토어 초기화 완료
2025-07-15 17:41:55,801 - INFO - 🔍 추천 요청: 이제 막 취업했는데, 3년 안에 1,000만 원 모아서 유럽 여행 가고 싶어요. 안정적인 ...
2025-07-15 17:41:55,803 - INFO - 1️⃣  쿼리 분석 시작
2025-07-15 17:41:57,216 - INFO - ✅ 쿼리 분석 완료
2025-07-15 17:41:57,217 - INFO - 2️⃣  상품 검색 시작
2025-07-15 17:41:57,421 - INFO - 3️⃣  추천 생성 시작
2025-07-15 17:42:03,613 - INFO - ✅ 추천 생성 완료
2025-07-15 17:42:03,614 - INFO - ✅ 추천 완료
2025-07-15 17:42:23,277 - INFO - 🔍 추천 요청: 30대 중반인데 노후 준비를 시작해야 할 것 같아요. 세금 혜택도 있는 상품이면 좋겠습니다...
2025-07-15 17:42:23,278 - INFO - 1️⃣  쿼리 분석 시작
2025-07-15 17:42:24,326 - INFO - ✅ 쿼리 분석 완료
2025-07-15 17:42:24,327 - INFO - 2️⃣  상품 검색 시작
2025-07-15 17:42:24,515 - INFO - 3️⃣  추천 생성 시작
2025-07-15 17:42:30,444 - INFO - ✅ 추천 생성 완료
2025-07-15 17:42:30,446 - INFO - ✅ 추천 완료
2025-07-15 17:42:42,377 - INFO - 🔍 추천 요청: 생애 최초로 집을 사려는데 어떤 대출이 좋을까요? 연봉은 6,000만 원입니다....
2025-07-15 17:42:42,378 - INFO - 1️⃣  쿼리 분석 시작
2025-07-15 17:42:43,757 - INFO - ✅ 쿼리 분석 완료
2025-07-15 17:42:43,757 - INFO - 2️⃣  상품 검색 시작
2025-07-15 17:42:43,897 - INFO - 3️⃣  추천 생성 시작
2025-07-15 17:42:51,239 - INFO - ✅ 추천 생성 완료
2025-07-15 17:42:51,240 - INFO - ✅ 추천 완료
2025-07-15 17:51:08,428 - INFO - ==================================================
2025-07-15 17:51:08,428 - INFO - 💰 금융상품 추천 시스템 시작
2025-07-15 17:51:08,429 - INFO - ==================================================
2025-07-15 17:51:08,430 - INFO - 🌐 웹 애플리케이션을 시작합니다...
2025-07-15 17:51:08,465 - INFO - Use pytorch device_name: cpu
2025-07-15 17:51:08,465 - INFO - Load pretrained SentenceTransformer: kakaobank/kf-deberta-base
2025-07-15 17:51:08,758 - WARNING - No sentence-transformers model found with name kakaobank/kf-deberta-base. Creating a new one with mean pooling.
2025-07-15 17:51:11,638 - INFO - 🤖 KF-DeBERTa 모델 (kakaobank/kf-deberta-base) 초기화 완료
2025-07-15 17:51:11,639 - INFO - 🔧 벡터 스토어 초기화 시작
2025-07-15 17:51:11,726 - INFO - ✅ KF-DeBERTa 벡터 인덱스 로드 완료: 1373개 문서
2025-07-15 17:51:11,727 - INFO - ✅ 벡터 스토어 초기화 완료
2025-07-15 17:51:38,074 - INFO - 🔍 추천 요청: 이제 막 취업했는데, 3년 안에 1,000만 원 모아서 유럽 여행 가고 싶어요. 안정적인 ...
2025-07-15 17:51:38,076 - INFO - 1️⃣  쿼리 분석 시작
2025-07-15 17:51:39,940 - INFO - ✅ 쿼리 분석 완료
2025-07-15 17:51:39,941 - INFO - 2️⃣  상품 검색 시작
2025-07-15 17:51:40,207 - INFO - 3️⃣  추천 생성 시작
2025-07-15 17:51:45,411 - INFO - ✅ 추천 생성 완료
2025-07-15 17:51:45,412 - INFO - ✅ 추천 완료
2025-07-15 17:52:01,848 - INFO - 🔍 추천 요청: 30대 중반인데 노후 준비를 시작해야 할 것 같아요. 세금 혜택도 있는 상품이면 좋겠습니다...
2025-07-15 17:52:01,848 - INFO - 1️⃣  쿼리 분석 시작
2025-07-15 17:52:02,895 - INFO - ✅ 쿼리 분석 완료
2025-07-15 17:52:02,896 - INFO - 2️⃣  상품 검색 시작
2025-07-15 17:52:03,074 - INFO - 3️⃣  추천 생성 시작
2025-07-15 17:52:10,272 - INFO - ✅ 추천 생성 완료
2025-07-15 17:52:10,273 - INFO - ✅ 추천 완료
2025-07-15 17:52:22,963 - INFO - 🔍 추천 요청: 생애 최초로 집을 사려는데 어떤 대출이 좋을까요? 연봉은 6,000만 원입니다....
2025-07-15 17:52:22,964 - INFO - 1️⃣  쿼리 분석 시작
2025-07-15 17:52:23,928 - INFO - ✅ 쿼리 분석 완료
2025-07-15 17:52:23,929 - INFO - 2️⃣  상품 검색 시작
2025-07-15 17:52:24,086 - INFO - 3️⃣  추천 생성 시작
2025-07-15 17:52:30,696 - INFO - ✅ 추천 생성 완료
2025-07-15 17:52:30,697 - INFO - ✅ 추천 완료
2025-07-15 18:34:09,765 - INFO - ==================================================
2025-07-15 18:34:09,766 - INFO - 💰 금융상품 추천 시스템 시작
2025-07-15 18:34:09,766 - INFO - ==================================================
2025-07-15 18:34:09,766 - INFO - 🌐 웹 애플리케이션을 시작합니다...
2025-07-15 18:34:09,801 - INFO - Use pytorch device_name: cpu
2025-07-15 18:34:09,802 - INFO - Load pretrained SentenceTransformer: kakaobank/kf-deberta-base
2025-07-15 18:34:10,058 - WARNING - No sentence-transformers model found with name kakaobank/kf-deberta-base. Creating a new one with mean pooling.
2025-07-15 18:34:15,066 - INFO - 🤖 KF-DeBERTa 모델 (kakaobank/kf-deberta-base) 초기화 완료
2025-07-15 18:34:15,066 - INFO - 🔧 벡터 스토어 초기화 시작
2025-07-15 18:34:15,204 - INFO - ✅ KF-DeBERTa 벡터 인덱스 로드 완료: 1373개 문서
2025-07-15 18:34:15,204 - INFO - ✅ 벡터 스토어 초기화 완료
2025-07-15 18:36:08,431 - INFO - 🔍 추천 요청: 30대 정규직 금융기관 회사원이고, 매월 100만원 정도 저축할 수 있어요. 어떤 금융상품...
2025-07-15 18:36:08,432 - INFO - 1️⃣  쿼리 분석 시작
2025-07-15 18:36:10,353 - INFO - ✅ 쿼리 분석 완료
2025-07-15 18:36:10,354 - INFO - 2️⃣  상품 검색 시작
2025-07-15 18:36:11,119 - INFO - 3️⃣  추천 생성 시작
2025-07-15 18:36:17,077 - INFO - ✅ 추천 생성 완료
2025-07-15 18:36:17,078 - INFO - ✅ 추천 완료
2025-07-15 18:37:01,642 - INFO - 🔍 추천 요청: 아, 그리고 2년 후에 3달간 유럽여행  예정이라서 목돈이 필요해요. 단기간에 안전하게 모...
2025-07-15 18:37:01,643 - INFO - 1️⃣  쿼리 분석 시작
2025-07-15 18:37:03,369 - INFO - ✅ 쿼리 분석 완료
2025-07-15 18:37:03,371 - INFO - 2️⃣  상품 검색 시작
2025-07-15 18:37:03,588 - INFO - 3️⃣  추천 생성 시작
2025-07-15 18:37:09,120 - INFO - ✅ 추천 생성 완료
2025-07-15 18:37:09,121 - INFO - ✅ 추천 완료
2025-07-15 18:38:09,583 - INFO - 🔍 추천 요청: 정기적금 어떤 상품이 좋은지...
2025-07-15 18:38:09,583 - INFO - 1️⃣  쿼리 분석 시작
2025-07-15 18:38:10,630 - INFO - ✅ 쿼리 분석 완료
2025-07-15 18:38:10,632 - INFO - 2️⃣  상품 검색 시작
2025-07-15 18:38:10,785 - INFO - 3️⃣  추천 생성 시작
2025-07-15 18:38:16,964 - INFO - ✅ 추천 생성 완료
2025-07-15 18:38:16,966 - INFO - ✅ 추천 완료
2025-07-15 18:38:48,707 - INFO - 🔍 추천 요청: 현재 시중 은행들의 적금 금리가 어떻게 되나요? 어느 은행이 제일 좋은지 알고 싶어요....
2025-07-15 18:38:48,708 - INFO - 1️⃣  쿼리 분석 시작
2025-07-15 18:38:49,639 - INFO - ✅ 쿼리 분석 완료
2025-07-15 18:38:49,640 - INFO - 2️⃣  상품 검색 시작
2025-07-15 18:38:49,801 - INFO - 3️⃣  추천 생성 시작
2025-07-15 18:38:55,546 - INFO - ✅ 추천 생성 완료
2025-07-15 18:38:55,547 - INFO - ✅ 추천 완료
2025-07-15 18:39:55,608 - INFO - 🔍 추천 요청: 그런데 생각해보니 매월 100만원은 좀 부담스러워요. 70만원 정도로 줄이면 어떨까요?...
2025-07-15 18:39:55,609 - INFO - 1️⃣  쿼리 분석 시작
2025-07-15 18:39:57,037 - INFO - ✅ 쿼리 분석 완료
2025-07-15 18:39:57,039 - INFO - 2️⃣  상품 검색 시작
2025-07-15 18:39:57,223 - INFO - 3️⃣  추천 생성 시작
2025-07-15 18:40:04,520 - INFO - ✅ 추천 생성 완료
2025-07-15 18:40:04,521 - INFO - ✅ 추천 완료
2025-07-15 18:40:23,841 - INFO - 🔍 추천 요청: 저축 외에 대출도 알아보고 싶어요. 나중에 집 살 때 필요할 것 같거든요....
2025-07-15 18:40:23,841 - INFO - 1️⃣  쿼리 분석 시작
2025-07-15 18:40:25,076 - INFO - ✅ 쿼리 분석 완료
2025-07-15 18:40:25,077 - INFO - 2️⃣  상품 검색 시작
2025-07-15 18:40:25,259 - INFO - 3️⃣  추천 생성 시작
2025-07-15 18:40:31,535 - INFO - ✅ 추천 생성 완료
2025-07-15 18:40:31,537 - INFO - ✅ 추천 완료
2025-07-15 18:41:18,444 - INFO - 🔍 추천 요청: 제가 연봉 6천만원 정도인데, 전세자금대출 얼마나 받을 수 있을까요?...
2025-07-15 18:41:18,446 - INFO - 1️⃣  쿼리 분석 시작
2025-07-15 18:41:19,554 - INFO - ✅ 쿼리 분석 완료
2025-07-15 18:41:19,555 - INFO - 2️⃣  상품 검색 시작
2025-07-15 18:41:19,746 - INFO - 3️⃣  추천 생성 시작
2025-07-15 18:41:25,611 - INFO - ✅ 추천 생성 완료
2025-07-15 18:41:25,612 - INFO - ✅ 추천 완료
2025-07-15 18:42:54,821 - INFO - 🔍 추천 요청: 주택담보대출이 아니라 전세자금대출 얼마까지 가능한지 묻는거에요...
2025-07-15 18:42:54,821 - INFO - 1️⃣  쿼리 분석 시작
2025-07-15 18:42:55,842 - INFO - ✅ 쿼리 분석 완료
2025-07-15 18:42:55,844 - INFO - 2️⃣  상품 검색 시작
2025-07-15 18:42:56,007 - INFO - 3️⃣  추천 생성 시작
2025-07-15 18:43:02,090 - INFO - ✅ 추천 생성 완료
2025-07-15 18:43:02,092 - INFO - ✅ 추천 완료
2025-07-15 18:43:15,135 - INFO - 🔍 추천 요청: 주택담보대출이 아니라 전세자금대출 얼마까지 가능한지 묻는거에요...
2025-07-15 18:43:15,136 - INFO - 1️⃣  쿼리 분석 시작
2025-07-15 18:43:16,557 - INFO - ✅ 쿼리 분석 완료
2025-07-15 18:43:16,558 - INFO - 2️⃣  상품 검색 시작
2025-07-15 18:43:16,739 - INFO - 3️⃣  추천 생성 시작
2025-07-15 18:43:23,329 - INFO - ✅ 추천 생성 완료
2025-07-15 18:43:23,330 - INFO - ✅ 추천 완료
2025-07-15 18:43:40,795 - INFO - 🔍 추천 요청: 주택담보대출이 아니라 전세자금대출 얼마까지 가능한지 묻는거에요...
2025-07-15 18:43:40,796 - INFO - 1️⃣  쿼리 분석 시작
2025-07-15 18:43:41,647 - INFO - ✅ 쿼리 분석 완료
2025-07-15 18:43:41,648 - INFO - 2️⃣  상품 검색 시작
2025-07-15 18:43:41,789 - INFO - 3️⃣  추천 생성 시작
2025-07-15 18:43:47,409 - INFO - ✅ 추천 생성 완료
2025-07-15 18:43:47,410 - INFO - ✅ 추천 완료
2025-07-15 18:44:31,246 - INFO - 🔍 추천 요청: 지금까지 말씀드린 내용을 종합해서, 저한테 딱 맞는 금융 플랜을 추천해주세요....
2025-07-15 18:44:31,247 - INFO - 1️⃣  쿼리 분석 시작
2025-07-15 18:44:32,089 - INFO - ✅ 쿼리 분석 완료
2025-07-15 18:44:32,090 - INFO - 2️⃣  상품 검색 시작
2025-07-15 18:44:32,267 - INFO - 3️⃣  추천 생성 시작
2025-07-15 18:44:37,404 - INFO - ✅ 추천 생성 완료
2025-07-15 18:44:37,406 - INFO - ✅ 추천 완료
2025-07-15 19:14:47,377 - INFO - ==================================================
2025-07-15 19:14:47,378 - INFO - 💰 금융상품 추천 시스템 시작
2025-07-15 19:14:47,379 - INFO - ==================================================
2025-07-15 19:14:47,379 - INFO - 🌐 웹 애플리케이션을 시작합니다...
2025-07-15 19:14:47,421 - INFO - Use pytorch device_name: cpu
2025-07-15 19:14:47,422 - INFO - Load pretrained SentenceTransformer: kakaobank/kf-deberta-base
2025-07-15 19:14:47,720 - WARNING - No sentence-transformers model found with name kakaobank/kf-deberta-base. Creating a new one with mean pooling.
2025-07-15 19:14:51,446 - INFO - 🤖 KF-DeBERTa 모델 (kakaobank/kf-deberta-base) 초기화 완료
2025-07-15 19:14:51,447 - INFO - 🔧 벡터 스토어 초기화 시작
2025-07-15 19:14:51,560 - INFO - ✅ KF-DeBERTa 벡터 인덱스 로드 완료: 1373개 문서
2025-07-15 19:14:51,561 - INFO - ✅ 벡터 스토어 초기화 완료
2025-07-15 19:23:33,901 - INFO - ==================================================
2025-07-15 19:23:33,902 - INFO - 💰 금융상품 추천 시스템 시작
2025-07-15 19:23:33,902 - INFO - ==================================================
2025-07-15 19:23:33,903 - INFO - 🌐 웹 애플리케이션을 시작합니다...
2025-07-15 19:24:33,718 - INFO - ==================================================
2025-07-15 19:24:33,719 - INFO - 💰 금융상품 추천 시스템 시작
2025-07-15 19:24:33,719 - INFO - ==================================================
2025-07-15 19:24:33,720 - INFO - 🌐 웹 애플리케이션을 시작합니다...
2025-07-15 19:24:33,753 - INFO - Use pytorch device_name: cpu
2025-07-15 19:24:33,754 - INFO - Load pretrained SentenceTransformer: kakaobank/kf-deberta-base
2025-07-15 19:24:34,017 - WARNING - No sentence-transformers model found with name kakaobank/kf-deberta-base. Creating a new one with mean pooling.
2025-07-15 19:24:37,245 - INFO - 🤖 KF-DeBERTa 모델 (kakaobank/kf-deberta-base) 초기화 완료
2025-07-15 19:24:37,247 - INFO - 🔧 벡터 스토어 초기화 시작
2025-07-15 19:24:37,337 - INFO - ✅ KF-DeBERTa 벡터 인덱스 로드 완료: 1373개 문서
2025-07-15 19:24:37,337 - INFO - ✅ 벡터 스토어 초기화 완료
2025-07-15 19:25:03,027 - INFO - 🔍 추천 요청: 안녕하세요! 저는 28세 회사원이고 연봉 4500만원입니다. 금융상품 추천 받고 싶어요....
2025-07-15 19:25:03,030 - INFO - 1️⃣  쿼리 분석 시작
2025-07-15 19:25:04,801 - INFO - ✅ 쿼리 분석 완료
2025-07-15 19:25:04,803 - INFO - 2️⃣  상품 검색 시작
2025-07-15 19:25:05,086 - INFO - 3️⃣  추천 생성 시작
2025-07-15 19:25:10,200 - INFO - ✅ 추천 생성 완료
2025-07-15 19:25:10,201 - INFO - ✅ 추천 완료
2025-07-15 19:25:47,846 - INFO - 🔍 추천 요청: [이전 대화]
사용자: 안녕하세요! 저는 28세 회사원이고 연봉 4500만원입니다. 금융상...
2025-07-15 19:25:47,847 - INFO - 1️⃣  쿼리 분석 시작
2025-07-15 19:25:49,698 - INFO - ✅ 쿼리 분석 완료
2025-07-15 19:25:49,699 - INFO - 2️⃣  상품 검색 시작
2025-07-15 19:25:49,902 - INFO - 3️⃣  추천 생성 시작
2025-07-15 19:25:57,190 - INFO - ✅ 추천 생성 완료
2025-07-15 19:25:57,191 - INFO - ✅ 추천 완료
2025-07-15 19:26:18,745 - INFO - 🔍 추천 요청: [이전 대화]
사용자: 안녕하세요! 저는 28세 회사원이고 연봉 4500만원입니다. 금융상...
2025-07-15 19:26:18,747 - INFO - 1️⃣  쿼리 분석 시작
2025-07-15 19:26:20,635 - INFO - ✅ 쿼리 분석 완료
2025-07-15 19:26:20,637 - INFO - 2️⃣  상품 검색 시작
2025-07-15 19:26:20,794 - INFO - 3️⃣  추천 생성 시작
2025-07-15 19:26:26,094 - INFO - ✅ 추천 생성 완료
2025-07-15 19:26:26,096 - INFO - ✅ 추천 완료
2025-07-15 19:26:54,916 - INFO - 🔍 추천 요청: [이전 대화]
사용자: 안녕하세요! 저는 28세 회사원이고 연봉 4500만원입니다. 금융상...
2025-07-15 19:26:54,917 - INFO - 1️⃣  쿼리 분석 시작
2025-07-15 19:26:56,786 - INFO - ✅ 쿼리 분석 완료
2025-07-15 19:26:56,787 - INFO - 2️⃣  상품 검색 시작
2025-07-15 19:26:56,951 - INFO - 3️⃣  추천 생성 시작
2025-07-15 19:27:03,259 - INFO - ✅ 추천 생성 완료
2025-07-15 19:27:03,260 - INFO - ✅ 추천 완료
2025-07-15 19:27:38,422 - INFO - 🔍 추천 요청: [이전 대화]
사용자: 유럽여행 3개월 자금 마련이 목적이고, 3년 후에 2000만원 정도...
2025-07-15 19:27:38,423 - INFO - 1️⃣  쿼리 분석 시작
2025-07-15 19:27:40,318 - INFO - ✅ 쿼리 분석 완료
2025-07-15 19:27:40,319 - INFO - 2️⃣  상품 검색 시작
2025-07-15 19:27:40,469 - INFO - 3️⃣  추천 생성 시작
2025-07-15 19:27:46,221 - INFO - ✅ 추천 생성 완료
2025-07-15 19:27:46,222 - INFO - ✅ 추천 완료
2025-07-15 19:28:14,782 - INFO - 🔍 추천 요청: [이전 대화]
사용자: 안전한 상품을 원하고, 원금 손실은 절대 안 됩니다....
시스템:...
2025-07-15 19:28:14,783 - INFO - 1️⃣  쿼리 분석 시작
2025-07-15 19:28:16,995 - INFO - ✅ 쿼리 분석 완료
2025-07-15 19:28:16,997 - INFO - 2️⃣  상품 검색 시작
2025-07-15 19:28:17,134 - INFO - 3️⃣  추천 생성 시작
2025-07-15 19:28:22,641 - INFO - ✅ 추천 생성 완료
2025-07-15 19:28:22,643 - INFO - ✅ 추천 완료
2025-07-15 19:28:51,733 - INFO - 🔍 추천 요청: [이전 대화]
사용자: 정기예금과 적금 중에서 제 상황에 더 맞는 건 뭔가요?...
시스템...
2025-07-15 19:28:51,734 - INFO - 1️⃣  쿼리 분석 시작
2025-07-15 19:28:53,160 - INFO - ✅ 쿼리 분석 완료
2025-07-15 19:28:53,161 - INFO - 2️⃣  상품 검색 시작
2025-07-15 19:28:53,327 - INFO - 3️⃣  추천 생성 시작
2025-07-15 19:28:58,706 - INFO - ✅ 추천 생성 완료
2025-07-15 19:28:58,707 - INFO - ✅ 추천 완료
2025-07-15 19:29:45,571 - INFO - 🔍 추천 요청: [이전 대화]
사용자: 정기예금과 적금 중에서 제 상황에 더 맞는 건 뭔가요?...
시스템...
2025-07-15 19:29:45,572 - INFO - 1️⃣  쿼리 분석 시작
2025-07-15 19:29:47,244 - INFO - ✅ 쿼리 분석 완료
2025-07-15 19:29:47,245 - INFO - 2️⃣  상품 검색 시작
2025-07-15 19:29:47,401 - INFO - 3️⃣  추천 생성 시작
2025-07-15 19:29:52,948 - INFO - ✅ 추천 생성 완료
2025-07-15 19:29:52,950 - INFO - ✅ 추천 완료
2025-07-15 19:30:39,598 - INFO - 🔍 추천 요청: [이전 대화]
사용자: 대출 상품 알아보려고 하는데, 신용대출로 1000만원 필요해요......
2025-07-15 19:30:39,599 - INFO - 1️⃣  쿼리 분석 시작
2025-07-15 19:30:41,464 - INFO - ✅ 쿼리 분석 완료
2025-07-15 19:30:41,466 - INFO - 2️⃣  상품 검색 시작
2025-07-15 19:30:41,758 - INFO - 3️⃣  추천 생성 시작
2025-07-15 19:30:48,302 - INFO - ✅ 추천 생성 완료
2025-07-15 19:30:48,303 - INFO - ✅ 추천 완료
2025-07-15 19:32:37,386 - INFO - ==================================================
2025-07-15 19:32:37,387 - INFO - 💰 금융상품 추천 시스템 시작
2025-07-15 19:32:37,388 - INFO - ==================================================
2025-07-15 19:32:37,389 - INFO - 🌐 웹 애플리케이션을 시작합니다...
2025-07-15 19:36:25,683 - INFO - ==================================================
2025-07-15 19:36:25,683 - INFO - 💰 금융상품 추천 시스템 시작
2025-07-15 19:36:25,684 - INFO - ==================================================
2025-07-15 19:36:25,684 - INFO - 🌐 웹 애플리케이션을 시작합니다...
2025-07-15 19:36:25,721 - INFO - Use pytorch device_name: cpu
2025-07-15 19:36:25,721 - INFO - Load pretrained SentenceTransformer: kakaobank/kf-deberta-base
2025-07-15 19:36:25,972 - WARNING - No sentence-transformers model found with name kakaobank/kf-deberta-base. Creating a new one with mean pooling.
2025-07-15 19:36:29,676 - INFO - 🤖 KF-DeBERTa 모델 (kakaobank/kf-deberta-base) 초기화 완료
2025-07-15 19:36:29,677 - INFO - 🔧 벡터 스토어 초기화 시작
2025-07-15 19:36:29,774 - INFO - ✅ KF-DeBERTa 벡터 인덱스 로드 완료: 1373개 문서
2025-07-15 19:36:29,774 - INFO - ✅ 벡터 스토어 초기화 완료
2025-07-15 19:37:35,300 - INFO - 🔍 추천 요청: 이제 막 취업했는데, 사회초년생에게 맞는 저축 상품이 뭔가요?...
2025-07-15 19:37:35,301 - INFO - 1️⃣  쿼리 분석 시작
2025-07-15 19:37:36,528 - INFO - ✅ 쿼리 분석 완료
2025-07-15 19:37:36,529 - INFO - 2️⃣  상품 검색 시작
2025-07-15 19:37:36,760 - INFO - 3️⃣  추천 생성 시작
2025-07-15 19:37:42,593 - INFO - ✅ 추천 생성 완료
2025-07-15 19:37:42,595 - INFO - ✅ 추천 완료
2025-07-15 19:37:52,369 - INFO - 🔍 추천 요청: [이전 대화]
사용자: 이제 막 취업했는데, 사회초년생에게 맞는 저축 상품이 뭔가요?......
2025-07-15 19:37:52,370 - INFO - 1️⃣  쿼리 분석 시작
2025-07-15 19:37:53,388 - INFO - ✅ 쿼리 분석 완료
2025-07-15 19:37:53,389 - INFO - 2️⃣  상품 검색 시작
2025-07-15 19:37:53,541 - INFO - 3️⃣  추천 생성 시작
2025-07-15 19:37:59,226 - INFO - ✅ 추천 생성 완료
2025-07-15 19:37:59,227 - INFO - ✅ 추천 완료
2025-07-15 19:38:21,646 - INFO - 🔍 추천 요청: [이전 대화]
사용자: 이제 막 취업했는데, 사회초년생에게 맞는 저축 상품이 뭔가요?......
2025-07-15 19:38:21,647 - INFO - 1️⃣  쿼리 분석 시작
2025-07-15 19:38:22,769 - INFO - ✅ 쿼리 분석 완료
2025-07-15 19:38:22,770 - INFO - 2️⃣  상품 검색 시작
2025-07-15 19:38:22,922 - INFO - 3️⃣  추천 생성 시작
2025-07-15 19:38:29,325 - INFO - ✅ 추천 생성 완료
2025-07-15 19:38:29,326 - INFO - ✅ 추천 완료
2025-07-15 19:39:21,519 - INFO - 🔍 추천 요청: [이전 대화]
사용자: 이제 막 취업했는데, 사회초년생에게 맞는 저축 상품이 뭔가요?......
2025-07-15 19:39:21,520 - INFO - 1️⃣  쿼리 분석 시작
2025-07-15 19:39:22,855 - INFO - ✅ 쿼리 분석 완료
2025-07-15 19:39:22,856 - INFO - 2️⃣  상품 검색 시작
2025-07-15 19:39:23,027 - INFO - 3️⃣  추천 생성 시작
2025-07-15 19:39:29,064 - INFO - ✅ 추천 생성 완료
2025-07-15 19:39:29,066 - INFO - ✅ 추천 완료
2025-07-15 19:40:04,201 - INFO - 🔍 추천 요청: [이전 대화]
사용자: 2년 후 결혼 예정인데, 지금 상품에서 어떻게 바꿔야 할까요?......
2025-07-15 19:40:04,202 - INFO - 1️⃣  쿼리 분석 시작
2025-07-15 19:40:06,129 - INFO - ✅ 쿼리 분석 완료
2025-07-15 19:40:06,131 - INFO - 2️⃣  상품 검색 시작
2025-07-15 19:40:06,293 - INFO - 3️⃣  추천 생성 시작
2025-07-15 19:40:12,377 - INFO - ✅ 추천 생성 완료
2025-07-15 19:40:12,378 - INFO - ✅ 추천 완료
2025-07-15 19:41:16,701 - INFO - 🔍 추천 요청: [이전 대화]
사용자: 결혼 후에는 맞벌이 부부가 되는데, 공동 재정 관리 방법을 알려주세...
2025-07-15 19:41:16,703 - INFO - 1️⃣  쿼리 분석 시작
2025-07-15 19:41:18,207 - INFO - ✅ 쿼리 분석 완료
2025-07-15 19:41:18,207 - INFO - 2️⃣  상품 검색 시작
2025-07-15 19:41:18,433 - INFO - 3️⃣  추천 생성 시작
2025-07-15 19:41:25,600 - INFO - ✅ 추천 생성 완료
2025-07-15 19:41:25,601 - INFO - ✅ 추천 완료
2025-07-15 19:42:00,048 - INFO - 🔍 추천 요청: [이전 대화]
사용자: 아이가 생기면 교육비 준비를 해야 하는데, 지금부터 준비할 수 있는...
2025-07-15 19:42:00,051 - INFO - 1️⃣  쿼리 분석 시작
2025-07-15 19:42:01,157 - INFO - ✅ 쿼리 분석 완료
2025-07-15 19:42:01,159 - INFO - 2️⃣  상품 검색 시작
2025-07-15 19:42:01,316 - INFO - 3️⃣  추천 생성 시작
2025-07-15 19:42:07,118 - INFO - ✅ 추천 생성 완료
2025-07-15 19:42:07,119 - INFO - ✅ 추천 완료
2025-07-15 19:42:33,687 - INFO - 🔍 추천 요청: [이전 대화]
사용자: 30~40대를 거쳐 노후까지 고려한 장기 재정 계획을 세워주세요.....
2025-07-15 19:42:33,689 - INFO - 1️⃣  쿼리 분석 시작
2025-07-15 19:42:35,031 - INFO - ✅ 쿼리 분석 완료
2025-07-15 19:42:35,033 - INFO - 2️⃣  상품 검색 시작
2025-07-15 19:42:35,192 - INFO - 3️⃣  추천 생성 시작
2025-07-15 19:42:40,954 - INFO - ✅ 추천 생성 완료
2025-07-15 19:42:40,957 - INFO - ✅ 추천 완료
2025-07-15 19:43:07,580 - INFO - 🔍 추천 요청: [이전 대화]
사용자: 평소에 꾸준히 저축할 수 있는 상품 추천해주세요....
시스템: #...
2025-07-15 19:43:07,581 - INFO - 1️⃣  쿼리 분석 시작
2025-07-15 19:43:08,746 - INFO - ✅ 쿼리 분석 완료
2025-07-15 19:43:08,748 - INFO - 2️⃣  상품 검색 시작
2025-07-15 19:43:08,882 - INFO - 3️⃣  추천 생성 시작
2025-07-15 19:43:14,053 - INFO - ✅ 추천 생성 완료
2025-07-15 19:43:14,054 - INFO - ✅ 추천 완료
2025-07-15 19:43:36,884 - INFO - 🔍 추천 요청: [이전 대화]
사용자: 그런데 갑자기 급한 일이 생겨서 목돈이 필요해졌어요....
시스템:...
2025-07-15 19:43:36,885 - INFO - 1️⃣  쿼리 분석 시작
2025-07-15 19:43:37,955 - INFO - ✅ 쿼리 분석 완료
2025-07-15 19:43:37,956 - INFO - 2️⃣  상품 검색 시작
2025-07-15 19:43:38,091 - INFO - 3️⃣  추천 생성 시작
2025-07-15 19:43:43,963 - INFO - ✅ 추천 생성 완료
2025-07-15 19:43:43,964 - INFO - ✅ 추천 완료
2025-07-15 19:44:35,390 - INFO - 🔍 추천 요청: [이전 대화]
사용자: 기존 예금을 중도해지하면 손해가 클까요? 다른 방법은 없을까요?.....
2025-07-15 19:44:35,392 - INFO - 1️⃣  쿼리 분석 시작
2025-07-15 19:44:36,451 - INFO - ✅ 쿼리 분석 완료
2025-07-15 19:44:36,452 - INFO - 2️⃣  상품 검색 시작
2025-07-15 19:44:36,616 - INFO - 3️⃣  추천 생성 시작
2025-07-15 19:44:43,173 - INFO - ✅ 추천 생성 완료
2025-07-15 19:44:43,174 - INFO - ✅ 추천 완료
2025-07-15 19:45:14,985 - INFO - 🔍 추천 요청: [이전 대화]
사용자: 그럼 단기 대출 상품으로 급한 불을 끄고, 나중에 갚는 게 나을까요...
2025-07-15 19:45:14,987 - INFO - 1️⃣  쿼리 분석 시작
2025-07-15 19:45:16,028 - INFO - ✅ 쿼리 분석 완료
2025-07-15 19:45:16,029 - INFO - 2️⃣  상품 검색 시작
2025-07-15 19:45:16,178 - INFO - 3️⃣  추천 생성 시작
2025-07-15 19:45:21,887 - INFO - ✅ 추천 생성 완료
2025-07-15 19:45:21,889 - INFO - ✅ 추천 완료
2025-07-15 19:59:47,723 - INFO - ==================================================
2025-07-15 19:59:47,724 - INFO - 💰 금융상품 추천 시스템 시작
2025-07-15 19:59:47,724 - INFO - ==================================================
2025-07-15 19:59:47,725 - INFO - 🌐 웹 애플리케이션을 시작합니다...
2025-07-15 20:00:21,125 - INFO - ==================================================
2025-07-15 20:00:21,125 - INFO - 💰 금융상품 추천 시스템 시작
2025-07-15 20:00:21,126 - INFO - ==================================================
2025-07-15 20:00:21,126 - INFO - 🌐 웹 애플리케이션을 시작합니다...
2025-07-15 20:00:21,155 - INFO - Use pytorch device_name: cpu
2025-07-15 20:00:21,156 - INFO - Load pretrained SentenceTransformer: kakaobank/kf-deberta-base
2025-07-15 20:00:21,432 - WARNING - No sentence-transformers model found with name kakaobank/kf-deberta-base. Creating a new one with mean pooling.
2025-07-15 20:00:24,607 - INFO - 🤖 KF-DeBERTa 모델 (kakaobank/kf-deberta-base) 초기화 완료
2025-07-15 20:00:24,607 - INFO - 🔧 벡터 스토어 초기화 시작
2025-07-15 20:00:24,683 - INFO - ✅ KF-DeBERTa 벡터 인덱스 로드 완료: 1373개 문서
2025-07-15 20:00:24,684 - INFO - ✅ 벡터 스토어 초기화 완료
2025-07-15 20:06:05,453 - INFO - ==================================================
2025-07-15 20:06:05,453 - INFO - 💰 금융상품 추천 시스템 시작
2025-07-15 20:06:05,454 - INFO - ==================================================
2025-07-15 20:06:05,454 - INFO - ==================================================
2025-07-15 20:06:05,454 - INFO - 💰 금융상품 추천 시스템 시작
2025-07-15 20:06:05,455 - INFO - 🌐 웹 애플리케이션을 시작합니다...
2025-07-15 20:06:05,456 - INFO - ==================================================
2025-07-15 20:06:05,457 - INFO - 🌐 웹 애플리케이션을 시작합니다...
2025-07-15 20:06:05,505 - INFO - Use pytorch device_name: cpu
2025-07-15 20:06:05,509 - INFO - Load pretrained SentenceTransformer: kakaobank/kf-deberta-base
2025-07-15 20:06:05,799 - WARNING - No sentence-transformers model found with name kakaobank/kf-deberta-base. Creating a new one with mean pooling.
2025-07-15 20:06:08,715 - INFO - 🤖 KF-DeBERTa 모델 (kakaobank/kf-deberta-base) 초기화 완료
2025-07-15 20:06:08,716 - INFO - 🔧 벡터 스토어 초기화 시작
2025-07-15 20:06:08,772 - INFO - ✅ KF-DeBERTa 벡터 인덱스 로드 완료: 1373개 문서
2025-07-15 20:06:08,772 - INFO - ✅ 벡터 스토어 초기화 완료
2025-07-15 20:09:35,664 - INFO - ==================================================
2025-07-15 20:09:35,665 - INFO - 💰 금융상품 추천 시스템 시작
2025-07-15 20:09:35,665 - INFO - ==================================================
2025-07-15 20:09:35,666 - INFO - 🌐 웹 애플리케이션을 시작합니다...
2025-07-15 20:09:35,699 - INFO - Use pytorch device_name: cpu
2025-07-15 20:09:35,699 - INFO - Load pretrained SentenceTransformer: kakaobank/kf-deberta-base
2025-07-15 20:09:35,971 - WARNING - No sentence-transformers model found with name kakaobank/kf-deberta-base. Creating a new one with mean pooling.
2025-07-15 20:09:39,018 - INFO - 🤖 KF-DeBERTa 모델 (kakaobank/kf-deberta-base) 초기화 완료
2025-07-15 20:09:39,019 - INFO - 🔧 벡터 스토어 초기화 시작
2025-07-15 20:09:39,086 - INFO - ✅ KF-DeBERTa 벡터 인덱스 로드 완료: 1373개 문서
2025-07-15 20:09:39,087 - INFO - ✅ 벡터 스토어 초기화 완료
2025-07-15 20:15:45,686 - INFO - ==================================================
2025-07-15 20:15:45,686 - INFO - 💰 금융상품 추천 시스템 시작
2025-07-15 20:15:45,687 - INFO - ==================================================
2025-07-15 20:15:45,687 - INFO - 🌐 웹 애플리케이션을 시작합니다...
2025-07-15 20:15:45,729 - INFO - Use pytorch device_name: cpu
2025-07-15 20:15:45,729 - INFO - Load pretrained SentenceTransformer: kakaobank/kf-deberta-base
2025-07-15 20:15:45,964 - WARNING - No sentence-transformers model found with name kakaobank/kf-deberta-base. Creating a new one with mean pooling.
2025-07-15 20:15:48,947 - INFO - 🤖 KF-DeBERTa 모델 (kakaobank/kf-deberta-base) 초기화 완료
2025-07-15 20:15:48,948 - INFO - 🔧 벡터 스토어 초기화 시작
2025-07-15 20:15:49,003 - INFO - ✅ KF-DeBERTa 벡터 인덱스 로드 완료: 1373개 문서
2025-07-15 20:15:49,004 - INFO - ✅ 벡터 스토어 초기화 완료
2025-07-15 20:16:03,676 - INFO - 🔍 추천 요청: 안정적으로 돈을 모을 수 있는 상품이 있을까요?...
2025-07-15 20:16:03,676 - INFO - 1️⃣  쿼리 분석 시작
2025-07-15 20:16:04,771 - INFO - ✅ 쿼리 분석 완료
2025-07-15 20:16:04,772 - INFO - 2️⃣  상품 검색 시작
2025-07-15 20:16:05,131 - INFO - 3️⃣  추천 생성 시작
2025-07-15 20:16:05,188 - ERROR - ❌ 추천 생성 실패: 404 Client Error: Not Found for url: https://api.upstage.ai/v1/solar/chat/completions
2025-07-15 20:16:05,191 - INFO - ✅ 추천 완료
2025-07-15 20:16:22,007 - INFO - 🔍 추천 요청: [이전 대화]
사용자: 안정적으로 돈을 모을 수 있는 상품이 있을까요?...
시스템: 죄송...
2025-07-15 20:16:22,008 - INFO - 1️⃣  쿼리 분석 시작
2025-07-15 20:16:22,919 - INFO - ✅ 쿼리 분석 완료
2025-07-15 20:16:22,920 - INFO - 2️⃣  상품 검색 시작
2025-07-15 20:16:23,086 - INFO - 3️⃣  추천 생성 시작
2025-07-15 20:16:23,151 - ERROR - ❌ 추천 생성 실패: 404 Client Error: Not Found for url: https://api.upstage.ai/v1/solar/chat/completions
2025-07-15 20:16:23,152 - INFO - ✅ 추천 완료
2025-07-15 20:23:19,390 - INFO - ==================================================
2025-07-15 20:23:19,391 - INFO - 💰 금융상품 추천 시스템 시작
2025-07-15 20:23:19,391 - INFO - ==================================================
2025-07-15 20:23:19,392 - INFO - 🌐 웹 애플리케이션을 시작합니다...
2025-07-15 20:23:19,429 - INFO - Use pytorch device_name: cpu
2025-07-15 20:23:19,430 - INFO - Load pretrained SentenceTransformer: kakaobank/kf-deberta-base
2025-07-15 20:23:19,726 - WARNING - No sentence-transformers model found with name kakaobank/kf-deberta-base. Creating a new one with mean pooling.
2025-07-15 20:23:22,636 - INFO - 🤖 KF-DeBERTa 모델 (kakaobank/kf-deberta-base) 초기화 완료
2025-07-15 20:23:22,636 - INFO - 🔧 벡터 스토어 초기화 시작
2025-07-15 20:23:22,695 - INFO - ✅ KF-DeBERTa 벡터 인덱스 로드 완료: 1373개 문서
2025-07-15 20:23:22,696 - INFO - ✅ 벡터 스토어 초기화 완료
2025-07-15 20:23:55,625 - INFO - 🔍 추천 요청: 지금 사회초년생으로 20대 후반인데 연금저축을 준비하려고 해....
2025-07-15 20:23:55,626 - INFO - 1️⃣  쿼리 분석 시작
2025-07-15 20:23:56,553 - INFO - ✅ 쿼리 분석 완료
2025-07-15 20:23:56,554 - INFO - 2️⃣  상품 검색 시작
2025-07-15 20:23:56,816 - INFO - 3️⃣  추천 생성 시작
2025-07-15 20:24:04,799 - INFO - ✅ 추천 생성 완료
2025-07-15 20:24:04,800 - INFO - ✅ 추천 완료
2025-07-15 20:24:51,060 - INFO - 🔍 추천 요청: [이전 대화]
사용자: 지금 사회초년생으로 20대 후반인데 연금저축을 준비하려고 해.......
2025-07-15 20:24:51,061 - INFO - 1️⃣  쿼리 분석 시작
2025-07-15 20:24:52,184 - INFO - ✅ 쿼리 분석 완료
2025-07-15 20:24:52,185 - INFO - 2️⃣  상품 검색 시작
2025-07-15 20:24:52,350 - INFO - 3️⃣  추천 생성 시작
2025-07-15 20:24:58,831 - INFO - ✅ 추천 생성 완료
2025-07-15 20:24:58,833 - INFO - ✅ 추천 완료
2025-07-15 20:25:58,842 - INFO - 🔍 추천 요청: [이전 대화]
사용자: 지금 사회초년생으로 20대 후반인데 연금저축을 준비하려고 해.......
2025-07-15 20:25:58,843 - INFO - 1️⃣  쿼리 분석 시작
2025-07-15 20:26:00,079 - INFO - ✅ 쿼리 분석 완료
2025-07-15 20:26:00,081 - INFO - 2️⃣  상품 검색 시작
2025-07-15 20:26:00,240 - INFO - 3️⃣  추천 생성 시작
2025-07-15 20:26:06,383 - INFO - ✅ 추천 생성 완료
2025-07-15 20:26:06,385 - INFO - ✅ 추천 완료
2025-07-15 20:26:46,721 - INFO - 🔍 추천 요청: [이전 대화]
사용자: 지금 사회초년생으로 20대 후반인데 연금저축을 준비하려고 해.......
2025-07-15 20:26:46,722 - INFO - 1️⃣  쿼리 분석 시작
2025-07-15 20:26:47,880 - INFO - ✅ 쿼리 분석 완료
2025-07-15 20:26:47,881 - INFO - 2️⃣  상품 검색 시작
2025-07-15 20:26:48,009 - INFO - 3️⃣  추천 생성 시작
2025-07-15 20:26:55,153 - INFO - ✅ 추천 생성 완료
2025-07-15 20:26:55,154 - INFO - ✅ 추천 완료
2025-07-15 20:27:33,467 - INFO - 🔍 추천 요청: [이전 대화]
사용자: 지금 금리가 좋은 적금과 예금 상품 추천해줘...
시스템: ### ...
2025-07-15 20:27:33,468 - INFO - 1️⃣  쿼리 분석 시작
2025-07-15 20:27:34,503 - INFO - ✅ 쿼리 분석 완료
2025-07-15 20:27:34,504 - INFO - 2️⃣  상품 검색 시작
2025-07-15 20:27:34,661 - INFO - 3️⃣  추천 생성 시작
2025-07-15 20:27:39,867 - INFO - ✅ 추천 생성 완료
2025-07-15 20:27:39,868 - INFO - ✅ 추천 완료
2025-07-15 20:28:09,574 - INFO - 🔍 추천 요청: [이전 대화]
사용자: 적금과 예금 현재 판매되고 있는 상품으로 추천해줘...
시스템: #...
2025-07-15 20:28:09,575 - INFO - 1️⃣  쿼리 분석 시작
2025-07-15 20:28:10,609 - INFO - ✅ 쿼리 분석 완료
2025-07-15 20:28:10,610 - INFO - 2️⃣  상품 검색 시작
2025-07-15 20:28:10,738 - INFO - 3️⃣  추천 생성 시작
2025-07-15 20:28:15,749 - INFO - ✅ 추천 생성 완료
2025-07-15 20:28:15,750 - INFO - ✅ 추천 완료
2025-07-15 20:40:36,705 - INFO - ==================================================
2025-07-15 20:40:36,705 - INFO - 💰 금융상품 추천 시스템 시작
2025-07-15 20:40:36,706 - INFO - ==================================================
2025-07-15 20:40:36,706 - INFO - 🌐 웹 애플리케이션을 시작합니다...
2025-07-15 20:40:36,744 - INFO - Use pytorch device_name: cpu
2025-07-15 20:40:36,744 - INFO - Load pretrained SentenceTransformer: kakaobank/kf-deberta-base
2025-07-15 20:40:37,028 - WARNING - No sentence-transformers model found with name kakaobank/kf-deberta-base. Creating a new one with mean pooling.
2025-07-15 20:40:39,803 - INFO - 🤖 KF-DeBERTa 모델 (kakaobank/kf-deberta-base) 초기화 완료
2025-07-15 20:40:39,804 - INFO - 🔧 벡터 스토어 초기화 시작 Start initializing vector store
2025-07-15 20:40:39,884 - INFO - ✅ KF-DeBERTa 벡터 인덱스 로드 완료: 1373개 문서
2025-07-15 20:40:39,884 - INFO - ✅ 벡터 스토어 초기화 완료 Vector store initialization complete
2025-07-15 20:41:03,841 - INFO - 🔍 추천 요청 Request for recommendation : 고금리 정기예금 5개 추천...
2025-07-15 20:41:03,841 - INFO - 1️⃣  쿼리 분석 시작 Query analysis started
2025-07-15 20:41:05,108 - INFO - ✅ 쿼리 분석 완료  query analysis completed
2025-07-15 20:41:05,110 - INFO - 2️⃣  상품 검색 시작 Product search started
2025-07-15 20:41:05,325 - INFO - 3️⃣  추천 생성 시작  Recommendation generation started
2025-07-15 20:41:10,496 - INFO - ✅ 추천 생성 완료   Recommendation generation completed
2025-07-15 20:41:10,497 - INFO - ✅ 추천 완료 Recommendation Completed
2025-07-15 20:41:29,644 - INFO - 🔍 추천 요청 Request for recommendation : [이전 대화]
사용자: 고금리 정기예금 5개 추천...
시스템: ### 1. 상황 분석

...
2025-07-15 20:41:29,644 - INFO - 1️⃣  쿼리 분석 시작 Query analysis started
2025-07-15 20:41:30,575 - INFO - ✅ 쿼리 분석 완료  query analysis completed
2025-07-15 20:41:30,576 - INFO - 2️⃣  상품 검색 시작 Product search started
2025-07-15 20:41:30,730 - INFO - 3️⃣  추천 생성 시작  Recommendation generation started
2025-07-15 20:41:36,015 - INFO - ✅ 추천 생성 완료   Recommendation generation completed
2025-07-15 20:41:36,016 - INFO - ✅ 추천 완료 Recommendation Completed
2025-07-15 20:42:21,830 - INFO - 🔍 추천 요청 Request for recommendation : [이전 대화]
사용자: 고금리 정기예금 5개 추천...
시스템: ### 1. 상황 분석

...
2025-07-15 20:42:21,831 - INFO - 1️⃣  쿼리 분석 시작 Query analysis started
2025-07-15 20:42:23,062 - INFO - ✅ 쿼리 분석 완료  query analysis completed
2025-07-15 20:42:23,063 - INFO - 2️⃣  상품 검색 시작 Product search started
2025-07-15 20:42:23,216 - INFO - 3️⃣  추천 생성 시작  Recommendation generation started
2025-07-15 20:42:28,112 - INFO - ✅ 추천 생성 완료   Recommendation generation completed
2025-07-15 20:42:28,112 - INFO - ✅ 추천 완료 Recommendation Completed
2025-07-15 20:42:53,455 - INFO - 🔍 추천 요청 Request for recommendation : [이전 대화]
사용자: 고금리 정기예금 5개 추천...
시스템: ### 1. 상황 분석

...
2025-07-15 20:42:53,456 - INFO - 1️⃣  쿼리 분석 시작 Query analysis started
2025-07-15 20:42:54,492 - INFO - ✅ 쿼리 분석 완료  query analysis completed
2025-07-15 20:42:54,493 - INFO - 2️⃣  상품 검색 시작 Product search started
2025-07-15 20:42:54,658 - INFO - 3️⃣  추천 생성 시작  Recommendation generation started
2025-07-15 20:43:00,727 - INFO - ✅ 추천 생성 완료   Recommendation generation completed
2025-07-15 20:43:00,729 - INFO - ✅ 추천 완료 Recommendation Completed
2025-07-15 20:45:33,785 - INFO - 🔍 추천 요청 Request for recommendation : [이전 대화]
사용자: 추천한 상품 비교해줘...
시스템: ### 1. 상황 분석

사용자...
2025-07-15 20:45:33,786 - INFO - 1️⃣  쿼리 분석 시작 Query analysis started
2025-07-15 20:45:34,832 - INFO - ✅ 쿼리 분석 완료  query analysis completed
2025-07-15 20:45:34,833 - INFO - 2️⃣  상품 검색 시작 Product search started
2025-07-15 20:45:35,040 - INFO - 3️⃣  추천 생성 시작  Recommendation generation started
2025-07-15 20:45:40,377 - INFO - ✅ 추천 생성 완료   Recommendation generation completed
2025-07-15 20:45:40,378 - INFO - ✅ 추천 완료 Recommendation Completed
2025-07-15 20:46:08,386 - INFO - 🔍 추천 요청 Request for recommendation : [이전 대화]
사용자: 정기적금말고 다른 유형의 적금 상품 추천...
시스템: ### 1....
2025-07-15 20:46:08,387 - INFO - 1️⃣  쿼리 분석 시작 Query analysis started
2025-07-15 20:46:09,722 - INFO - ✅ 쿼리 분석 완료  query analysis completed
2025-07-15 20:46:09,727 - INFO - 2️⃣  상품 검색 시작 Product search started
2025-07-15 20:46:10,128 - INFO - 3️⃣  추천 생성 시작  Recommendation generation started
2025-07-15 20:46:15,955 - INFO - ✅ 추천 생성 완료   Recommendation generation completed
2025-07-15 20:46:15,956 - INFO - ✅ 추천 완료 Recommendation Completed
2025-07-15 20:46:59,549 - INFO - 🔍 추천 요청 Request for recommendation : [이전 대화]
사용자: 자유적립식 적금 금리 높은 상품 알려줘...
시스템: ### 1. ...
2025-07-15 20:46:59,551 - INFO - 1️⃣  쿼리 분석 시작 Query analysis started
2025-07-15 20:47:01,138 - INFO - ✅ 쿼리 분석 완료  query analysis completed
2025-07-15 20:47:01,139 - INFO - 2️⃣  상품 검색 시작 Product search started
2025-07-15 20:47:01,292 - INFO - 3️⃣  추천 생성 시작  Recommendation generation started
2025-07-15 20:47:07,778 - INFO - ✅ 추천 생성 완료   Recommendation generation completed
2025-07-15 20:47:07,779 - INFO - ✅ 추천 완료 Recommendation Completed
2025-07-15 20:48:03,217 - INFO - 🔍 추천 요청 Request for recommendation : [이전 대화]
사용자: 갑자기 전세 10억 짜리로 이사가야할거 같아. 현재 7억 정도 현금...
2025-07-15 20:48:03,218 - INFO - 1️⃣  쿼리 분석 시작 Query analysis started
2025-07-15 20:48:04,108 - INFO - ✅ 쿼리 분석 완료  query analysis completed
2025-07-15 20:48:04,108 - INFO - 2️⃣  상품 검색 시작 Product search started
2025-07-15 20:48:04,282 - INFO - 3️⃣  추천 생성 시작  Recommendation generation started
2025-07-15 20:48:10,497 - INFO - ✅ 추천 생성 완료   Recommendation generation completed
2025-07-15 20:48:10,498 - INFO - ✅ 추천 완료 Recommendation Completed
