2025-07-14 17:52:03,913 - INFO - ---------- Starting data collection...
2025-07-14 17:52:03,914 - INFO - Processing COMPANY API
2025-07-14 17:52:04,269 - INFO - Collected 306 records for company - 은행
2025-07-14 17:52:04,533 - INFO - Collected 765 records for company - 여신전문금융업
2025-07-14 17:52:04,868 - INFO - Collected 1360 records for company - 저축은행
2025-07-14 17:52:05,102 - INFO - Collected 340 records for company - 보험회사
2025-07-14 17:52:05,336 - INFO - Collected 87 records for company - 금융투자업
2025-07-14 17:52:05,337 - INFO - Processing DEPOSIT API
2025-07-14 17:52:06,246 - INFO - Collected 158 records for deposit - 은행
2025-07-14 17:52:06,389 - INFO - No data found for deposit - 여신전문금융업
2025-07-14 17:52:08,979 - INFO - Collected 9728 records for deposit - 저축은행
2025-07-14 17:52:09,115 - INFO - No data found for deposit - 보험회사
2025-07-14 17:52:09,250 - INFO - No data found for deposit - 금융투자업
2025-07-14 17:52:09,251 - INFO - Processing SAVING API
2025-07-14 17:52:10,509 - INFO - Collected 179 records for saving - 은행
2025-07-14 17:52:10,805 - INFO - No data found for saving - 여신전문금융업
2025-07-14 17:52:13,463 - INFO - Collected 7856 records for saving - 저축은행
2025-07-14 17:52:13,575 - INFO - No data found for saving - 보험회사
2025-07-14 17:52:13,881 - INFO - No data found for saving - 금융투자업
2025-07-14 17:52:13,883 - INFO - Processing ANNUITY API
2025-07-14 17:52:13,948 - INFO - No data found for annuity - 은행
2025-07-14 17:52:14,019 - INFO - No data found for annuity - 여신전문금융업
2025-07-14 17:52:14,082 - INFO - No data found for annuity - 저축은행
2025-07-14 17:52:15,548 - INFO - Collected 3632 records for annuity - 보험회사
2025-07-14 17:52:22,869 - INFO - Collected 14256 records for annuity - 금융투자업
2025-07-14 17:52:22,873 - INFO - Processing MORTGAGE API
2025-07-14 17:52:23,327 - INFO - Collected 121 records for mortgage - 은행
2025-07-14 17:52:23,538 - INFO - No data found for mortgage - 여신전문금융업
2025-07-14 17:52:24,043 - INFO - Collected 213 records for mortgage - 저축은행
2025-07-14 17:52:24,478 - INFO - Collected 38 records for mortgage - 보험회사
2025-07-14 17:52:24,639 - INFO - No data found for mortgage - 금융투자업
2025-07-14 17:52:24,640 - INFO - Processing RENT API
2025-07-14 17:52:25,029 - INFO - Collected 87 records for rent - 은행
2025-07-14 17:52:25,184 - INFO - No data found for rent - 여신전문금융업
2025-07-14 17:52:25,542 - INFO - Collected 17 records for rent - 저축은행
2025-07-14 17:52:25,903 - INFO - Collected 14 records for rent - 보험회사
2025-07-14 17:52:26,053 - INFO - No data found for rent - 금융투자업
2025-07-14 17:52:26,054 - INFO - Processing CREDIT API
2025-07-14 17:52:26,337 - INFO - Collected 422 records for credit - 은행
2025-07-14 17:52:26,609 - INFO - Collected 505 records for credit - 여신전문금융업
2025-07-14 17:52:26,901 - INFO - Collected 112 records for credit - 저축은행
2025-07-14 17:52:27,150 - INFO - Collected 87 records for credit - 보험회사
2025-07-14 17:52:27,252 - INFO - No data found for credit - 금융투자업
2025-07-14 17:52:27,253 - INFO - ---------- Saving collected data...
2025-07-14 17:52:27,320 - INFO - Saved 2858 records to ../data/raw/F_20250714_175227.csv
2025-07-14 17:52:27,599 - INFO - Saved 9886 records to ../data/raw/D_20250714_175227.csv
2025-07-14 17:52:27,792 - INFO - Saved 8035 records to ../data/raw/S_20250714_175227.csv
2025-07-14 17:52:28,414 - INFO - Saved 17888 records to ../data/raw/P_20250714_175227.csv
2025-07-14 17:52:28,444 - INFO - Saved 372 records to ../data/raw/M_20250714_175227.csv
2025-07-14 17:52:28,461 - INFO - Saved 118 records to ../data/raw/R_20250714_175227.csv
2025-07-14 17:52:28,516 - INFO - Saved 1126 records to ../data/raw/C_20250714_175227.csv
2025-07-14 17:52:28,522 - INFO - === Collection Summary ===
2025-07-14 17:52:28,522 - INFO - Total prdt_div categories: 7
2025-07-14 17:52:28,523 - INFO - prdt_div 'F': 2858 records
2025-07-14 17:52:28,523 - INFO - prdt_div 'D': 9886 records
2025-07-14 17:52:28,524 - INFO - prdt_div 'S': 8035 records
2025-07-14 17:52:28,524 - INFO - prdt_div 'P': 17888 records
2025-07-14 17:52:28,524 - INFO - prdt_div 'M': 372 records
2025-07-14 17:52:28,525 - INFO - prdt_div 'R': 118 records
2025-07-14 17:52:28,525 - INFO - prdt_div 'C': 1126 records
