2025-07-14 21:07:49,287 - INFO - ✅ 디렉토리 생성 완료: ../data/processed
2025-07-14 21:07:49,288 - INFO - === 전처리 작업 시작 ===
2025-07-14 21:07:49,288 - INFO - 
==================================================
2025-07-14 21:07:49,289 - INFO - 🔄 deposit 상품 전처리 시작
2025-07-14 21:07:49,289 - INFO - ==================================================
2025-07-14 21:07:49,297 - INFO - ▶️ deposit 상품 데이터 전처리 시작
2025-07-14 21:07:49,413 - INFO - ✅ 데이터 로드 완료: 9886행, 24열
2025-07-14 21:07:49,419 - INFO - 🔶 필수 컬럼 결측값 제거: 9886 → 9886행
2025-07-14 21:07:49,430 - INFO - 🔶 중복 제거: 9886 → 421행
2025-07-14 21:07:49,453 - INFO - ✅ 검색용 텍스트 컬럼 추가 완료
2025-07-14 21:07:49,454 - INFO - 
📊 전처리 완료 통계:
2025-07-14 21:07:49,455 - INFO -  총 상품 수: 421
2025-07-14 21:07:49,456 - INFO -  금융회사 수: 97
2025-07-14 21:07:49,456 - INFO -  상품 유형: deposit
2025-07-14 21:07:49,456 - INFO -  주요 금융회사: {'상상인플러스저축은행': 24, '상상인저축은행': 24, '페퍼저축은행': 15, '애큐온저축은행': 10, '다올저축은행': 10}
2025-07-14 21:07:49,457 - INFO - ✅ 전처리 완료!
2025-07-14 21:07:49,482 - INFO - 💾 전처리된 데이터 저장 완료: ../data/processed/deposit_processed.csv
2025-07-14 21:07:49,482 - INFO - ✅ deposit 전처리 완료: ../data/processed/deposit_processed.csv
2025-07-14 21:07:49,483 - INFO - 
==================================================
2025-07-14 21:07:49,483 - INFO - 🔄 saving 상품 전처리 시작
2025-07-14 21:07:49,483 - INFO - ==================================================
2025-07-14 21:07:49,487 - INFO - ▶️ saving 상품 데이터 전처리 시작
2025-07-14 21:07:49,577 - INFO - ✅ 데이터 로드 완료: 8035행, 26열
2025-07-14 21:07:49,583 - INFO - 🔶 필수 컬럼 결측값 제거: 8035 → 8035행
2025-07-14 21:07:49,589 - INFO - 🔶 중복 제거: 8035 → 324행
2025-07-14 21:07:49,605 - INFO - ✅ 검색용 텍스트 컬럼 추가 완료
2025-07-14 21:07:49,606 - INFO - 
📊 전처리 완료 통계:
2025-07-14 21:07:49,607 - INFO -  총 상품 수: 324
2025-07-14 21:07:49,607 - INFO -  금융회사 수: 97
2025-07-14 21:07:49,608 - INFO -  상품 유형: saving
2025-07-14 21:07:49,608 - INFO -  주요 금융회사: {'웰컴저축은행': 14, '진주저축은행': 7, '한국투자저축은행': 7, '신한저축은행': 7, '고려저축은행': 7}
2025-07-14 21:07:49,608 - INFO - ✅ 전처리 완료!
2025-07-14 21:07:49,630 - INFO - 💾 전처리된 데이터 저장 완료: ../data/processed/saving_processed.csv
2025-07-14 21:07:49,631 - INFO - ✅ saving 전처리 완료: ../data/processed/saving_processed.csv
2025-07-14 21:07:49,632 - INFO - 
==================================================
2025-07-14 21:07:49,632 - INFO - 🔄 annuity 상품 전처리 시작
2025-07-14 21:07:49,632 - INFO - ==================================================
2025-07-14 21:07:49,637 - INFO - ▶️ annuity 상품 데이터 전처리 시작
2025-07-14 21:07:49,835 - INFO - ✅ 데이터 로드 완료: 17888행, 38열
2025-07-14 21:07:49,846 - INFO - 🔶 필수 컬럼 결측값 제거: 17888 → 17888행
2025-07-14 21:07:49,863 - INFO - 🔶 중복 제거: 17888 → 343행
2025-07-14 21:07:49,864 - INFO - 🔧 연금상품 etc 컬럼 특별 처리 중...
2025-07-14 21:07:49,866 - INFO -  📋 etc 정보 보유: 12/343개 상품 (3.5%)
2025-07-14 21:07:49,880 - INFO - ✅ 검색용 텍스트 컬럼 추가 완료
2025-07-14 21:07:49,881 - INFO - 
📊 전처리 완료 통계:
2025-07-14 21:07:49,882 - INFO -  총 상품 수: 343
2025-07-14 21:07:49,882 - INFO -  금융회사 수: 53
2025-07-14 21:07:49,883 - INFO -  상품 유형: annuity
2025-07-14 21:07:49,883 - INFO -  주요 금융회사: {'미래에셋자산운용': 80, '한국투자신탁운용': 30, '삼성자산운용': 29, '피델리티자산운용': 14, 'KB자산운용': 13}
2025-07-14 21:07:49,883 - INFO - ✅ 전처리 완료!
2025-07-14 21:07:49,909 - INFO - 💾 전처리된 데이터 저장 완료: ../data/processed/annuity_processed.csv
2025-07-14 21:07:49,909 - INFO - ✅ annuity 전처리 완료: ../data/processed/annuity_processed.csv
2025-07-14 21:07:49,910 - INFO - 
==================================================
2025-07-14 21:07:49,910 - INFO - 🔄 mortgage 상품 전처리 시작
2025-07-14 21:07:49,911 - INFO - ==================================================
2025-07-14 21:07:49,917 - INFO - ▶️ mortgage 상품 데이터 전처리 시작
2025-07-14 21:07:49,985 - INFO - ✅ 데이터 로드 완료: 372행, 26열
2025-07-14 21:07:49,987 - INFO - 🔶 필수 컬럼 결측값 제거: 372 → 372행
2025-07-14 21:07:49,991 - INFO - 🔶 중복 제거: 372 → 112행
2025-07-14 21:07:49,998 - INFO - ✅ 검색용 텍스트 컬럼 추가 완료
2025-07-14 21:07:50,001 - INFO - 
📊 전처리 완료 통계:
2025-07-14 21:07:50,001 - INFO -  총 상품 수: 112
2025-07-14 21:07:50,002 - INFO -  금융회사 수: 69
2025-07-14 21:07:50,002 - INFO -  상품 유형: mortgage
2025-07-14 21:07:50,003 - INFO -  주요 금융회사: {'아이엠뱅크': 8, '현대해상화재보험주식회사': 5, '솔브레인저축은행': 4, '대백저축은행': 4, '한국투자저축은행': 4}
2025-07-14 21:07:50,003 - INFO -  최저금리 범위: 2.58% ~ 10.85%
2025-07-14 21:07:50,004 - INFO -  최고금리 범위: 3.85% ~ 19.00%
2025-07-14 21:07:50,005 - INFO - ✅ 전처리 완료!
2025-07-14 21:07:50,019 - INFO - 💾 전처리된 데이터 저장 완료: ../data/processed/mortgage_processed.csv
2025-07-14 21:07:50,019 - INFO - ✅ mortgage 전처리 완료: ../data/processed/mortgage_processed.csv
2025-07-14 21:07:50,020 - INFO - 
==================================================
2025-07-14 21:07:50,020 - INFO - 🔄 rent 상품 전처리 시작
2025-07-14 21:07:50,020 - INFO - ==================================================
2025-07-14 21:07:50,024 - INFO - ▶️ rent 상품 데이터 전처리 시작
2025-07-14 21:07:50,041 - INFO - ✅ 데이터 로드 완료: 118행, 24열
2025-07-14 21:07:50,044 - INFO - 🔶 필수 컬럼 결측값 제거: 118 → 118행
2025-07-14 21:07:50,053 - INFO - 🔶 중복 제거: 118 → 61행
2025-07-14 21:07:50,059 - INFO - ✅ 검색용 텍스트 컬럼 추가 완료
2025-07-14 21:07:50,061 - INFO - 
📊 전처리 완료 통계:
2025-07-14 21:07:50,064 - INFO -  총 상품 수: 61
2025-07-14 21:07:50,064 - INFO -  금융회사 수: 32
2025-07-14 21:07:50,065 - INFO -  상품 유형: rent
2025-07-14 21:07:50,066 - INFO -  주요 금융회사: {'아이엠뱅크': 4, '경남은행': 4, '수협은행': 4, '광주은행': 3, '농협은행주식회사': 3}
2025-07-14 21:07:50,067 - INFO -  최저금리 범위: 2.66% ~ 10.85%
2025-07-14 21:07:50,067 - INFO -  최고금리 범위: 3.02% ~ 16.00%
2025-07-14 21:07:50,068 - INFO - ✅ 전처리 완료!
2025-07-14 21:07:50,078 - INFO - 💾 전처리된 데이터 저장 완료: ../data/processed/rent_processed.csv
2025-07-14 21:07:50,079 - INFO - ✅ rent 전처리 완료: ../data/processed/rent_processed.csv
2025-07-14 21:07:50,079 - INFO - 
==================================================
2025-07-14 21:07:50,080 - INFO - 🔄 credit 상품 전처리 시작
2025-07-14 21:07:50,081 - INFO - ==================================================
2025-07-14 21:07:50,086 - INFO - ▶️ credit 상품 데이터 전처리 시작
2025-07-14 21:07:50,105 - INFO - ✅ 데이터 로드 완료: 1126행, 28열
2025-07-14 21:07:50,109 - INFO - 🔶 필수 컬럼 결측값 제거: 1126 → 1126행
2025-07-14 21:07:50,118 - INFO - 🔶 중복 제거: 1126 → 112행
2025-07-14 21:07:50,125 - INFO - ✅ 검색용 텍스트 컬럼 추가 완료
2025-07-14 21:07:50,128 - INFO - 
📊 전처리 완료 통계:
2025-07-14 21:07:50,128 - INFO -  총 상품 수: 112
2025-07-14 21:07:50,128 - INFO -  금융회사 수: 84
2025-07-14 21:07:50,129 - INFO -  상품 유형: credit
2025-07-14 21:07:50,129 - INFO -  주요 금융회사: {'아이엠뱅크': 3, '중소기업은행': 3, '전북은행': 3, '광주은행': 3, '농협은행주식회사': 3}
2025-07-14 21:07:50,130 - INFO -  평균금리 범위: 0.37% ~ 19.87%
2025-07-14 21:07:50,130 - INFO - ✅ 전처리 완료!
2025-07-14 21:07:50,140 - INFO - 💾 전처리된 데이터 저장 완료: ../data/processed/credit_processed.csv
2025-07-14 21:07:50,140 - INFO - ✅ credit 전처리 완료: ../data/processed/credit_processed.csv
2025-07-14 21:07:50,140 - INFO - === 전처리 작업 완료 ===
2025-07-14 21:11:25,024 - INFO - ✅ 디렉토리 생성 완료: ../data/processed
2025-07-14 21:11:25,024 - INFO - === 전처리 작업 시작 ===
2025-07-14 21:11:25,025 - INFO - 
==================================================
2025-07-14 21:11:25,025 - INFO - 🔄 deposit 상품 전처리 시작
2025-07-14 21:11:25,026 - INFO - ==================================================
2025-07-14 21:11:25,029 - ERROR - ❌ deposit 처리 중 오류 발생: 'DataPreprocessor' object has no attribute 'print'
2025-07-14 21:11:25,029 - INFO - 
==================================================
2025-07-14 21:11:25,030 - INFO - 🔄 saving 상품 전처리 시작
2025-07-14 21:11:25,030 - INFO - ==================================================
2025-07-14 21:11:25,032 - ERROR - ❌ saving 처리 중 오류 발생: 'DataPreprocessor' object has no attribute 'print'
2025-07-14 21:11:25,032 - INFO - 
==================================================
2025-07-14 21:11:25,032 - INFO - 🔄 annuity 상품 전처리 시작
2025-07-14 21:11:25,033 - INFO - ==================================================
2025-07-14 21:11:25,035 - ERROR - ❌ annuity 처리 중 오류 발생: 'DataPreprocessor' object has no attribute 'print'
2025-07-14 21:11:25,035 - INFO - 
==================================================
2025-07-14 21:11:25,035 - INFO - 🔄 mortgage 상품 전처리 시작
2025-07-14 21:11:25,036 - INFO - ==================================================
2025-07-14 21:11:25,038 - ERROR - ❌ mortgage 처리 중 오류 발생: 'DataPreprocessor' object has no attribute 'print'
2025-07-14 21:11:25,038 - INFO - 
==================================================
2025-07-14 21:11:25,039 - INFO - 🔄 rent 상품 전처리 시작
2025-07-14 21:11:25,039 - INFO - ==================================================
2025-07-14 21:11:25,042 - ERROR - ❌ rent 처리 중 오류 발생: 'DataPreprocessor' object has no attribute 'print'
2025-07-14 21:11:25,042 - INFO - 
==================================================
2025-07-14 21:11:25,043 - INFO - 🔄 credit 상품 전처리 시작
2025-07-14 21:11:25,043 - INFO - ==================================================
2025-07-14 21:11:25,046 - ERROR - ❌ credit 처리 중 오류 발생: 'DataPreprocessor' object has no attribute 'print'
2025-07-14 21:11:25,047 - INFO - === 전처리 작업 완료 ===
2025-07-14 21:14:52,008 - INFO - ✅ 디렉토리 생성 완료: ../data/processed
2025-07-14 21:14:52,008 - INFO - === 전처리 작업 시작 ===
2025-07-14 21:14:52,009 - INFO - 
==================================================
2025-07-14 21:14:52,009 - INFO - 🔄 deposit 상품 전처리 시작
2025-07-14 21:14:52,010 - INFO - ==================================================
2025-07-14 21:14:52,012 - ERROR - ❌ deposit 처리 중 오류 발생: 'DataPreprocessor' object has no attribute 'print'
2025-07-14 21:14:52,013 - INFO - 
==================================================
2025-07-14 21:14:52,013 - INFO - 🔄 saving 상품 전처리 시작
2025-07-14 21:14:52,013 - INFO - ==================================================
2025-07-14 21:14:52,015 - ERROR - ❌ saving 처리 중 오류 발생: 'DataPreprocessor' object has no attribute 'print'
2025-07-14 21:14:52,015 - INFO - 
==================================================
2025-07-14 21:14:52,016 - INFO - 🔄 annuity 상품 전처리 시작
2025-07-14 21:14:52,016 - INFO - ==================================================
2025-07-14 21:14:52,018 - ERROR - ❌ annuity 처리 중 오류 발생: 'DataPreprocessor' object has no attribute 'print'
2025-07-14 21:14:52,018 - INFO - 
==================================================
2025-07-14 21:14:52,018 - INFO - 🔄 mortgage 상품 전처리 시작
2025-07-14 21:14:52,019 - INFO - ==================================================
2025-07-14 21:14:52,020 - ERROR - ❌ mortgage 처리 중 오류 발생: 'DataPreprocessor' object has no attribute 'print'
2025-07-14 21:14:52,021 - INFO - 
==================================================
2025-07-14 21:14:52,021 - INFO - 🔄 rent 상품 전처리 시작
2025-07-14 21:14:52,021 - INFO - ==================================================
2025-07-14 21:14:52,023 - ERROR - ❌ rent 처리 중 오류 발생: 'DataPreprocessor' object has no attribute 'print'
2025-07-14 21:14:52,024 - INFO - 
==================================================
2025-07-14 21:14:52,024 - INFO - 🔄 credit 상품 전처리 시작
2025-07-14 21:14:52,025 - INFO - ==================================================
2025-07-14 21:14:52,027 - ERROR - ❌ credit 처리 중 오류 발생: 'DataPreprocessor' object has no attribute 'print'
2025-07-14 21:14:52,027 - INFO - === 전처리 작업 완료 ===
2025-07-14 21:17:05,462 - INFO - ✅ 디렉토리 생성 완료: ../data/processed
2025-07-14 21:17:05,462 - INFO - === 전처리 작업 시작 ===
2025-07-14 21:17:05,463 - INFO - 
==================================================
2025-07-14 21:17:05,463 - INFO - 🔄 deposit 상품 전처리 시작
2025-07-14 21:17:05,464 - INFO - ==================================================
2025-07-14 21:17:05,604 - INFO - ✅ deposit 전처리 완료: ../data/processed/deposit_processed.csv
2025-07-14 21:17:05,604 - INFO - 
==================================================
2025-07-14 21:17:05,604 - INFO - 🔄 saving 상품 전처리 시작
2025-07-14 21:17:05,605 - INFO - ==================================================
2025-07-14 21:17:05,725 - INFO - ✅ saving 전처리 완료: ../data/processed/saving_processed.csv
2025-07-14 21:17:05,725 - INFO - 
==================================================
2025-07-14 21:17:05,726 - INFO - 🔄 annuity 상품 전처리 시작
2025-07-14 21:17:05,726 - INFO - ==================================================
2025-07-14 21:17:06,009 - INFO - ✅ annuity 전처리 완료: ../data/processed/annuity_processed.csv
2025-07-14 21:17:06,009 - INFO - 
==================================================
2025-07-14 21:17:06,010 - INFO - 🔄 mortgage 상품 전처리 시작
2025-07-14 21:17:06,010 - INFO - ==================================================
2025-07-14 21:17:06,054 - INFO - ✅ mortgage 전처리 완료: ../data/processed/mortgage_processed.csv
2025-07-14 21:17:06,054 - INFO - 
==================================================
2025-07-14 21:17:06,055 - INFO - 🔄 rent 상품 전처리 시작
2025-07-14 21:17:06,055 - INFO - ==================================================
2025-07-14 21:17:06,085 - INFO - ✅ rent 전처리 완료: ../data/processed/rent_processed.csv
2025-07-14 21:17:06,085 - INFO - 
==================================================
2025-07-14 21:17:06,086 - INFO - 🔄 credit 상품 전처리 시작
2025-07-14 21:17:06,086 - INFO - ==================================================
2025-07-14 21:17:06,127 - INFO - ✅ credit 전처리 완료: ../data/processed/credit_processed.csv
2025-07-14 21:17:06,128 - INFO - === 전처리 작업 완료 ===
