2025-07-14 01:59:12,283 - INFO - Starting data collection...
2025-07-14 01:59:12,285 - INFO - Processing COMPANY API
2025-07-14 01:59:12,677 - INFO - Collected 306 records for company - 은행
2025-07-14 01:59:13,012 - INFO - Collected 765 records for company - 여신전문금융업
2025-07-14 01:59:13,333 - INFO - Collected 1360 records for company - 저축은행
2025-07-14 01:59:13,624 - INFO - Collected 340 records for company - 보험회사
2025-07-14 01:59:13,940 - INFO - Collected 87 records for company - 금융투자업
2025-07-14 01:59:13,940 - INFO - Processing DEPOSIT API
2025-07-14 01:59:14,959 - INFO - Collected 158 records for deposit - 은행
2025-07-14 01:59:15,117 - INFO - No data found for deposit - 여신전문금융업
2025-07-14 01:59:18,048 - INFO - Collected 9724 records for deposit - 저축은행
2025-07-14 01:59:18,198 - INFO - No data found for deposit - 보험회사
2025-07-14 01:59:18,355 - INFO - No data found for deposit - 금융투자업
2025-07-14 01:59:18,356 - INFO - Processing SAVING API
2025-07-14 01:59:19,768 - INFO - Collected 179 records for saving - 은행
2025-07-14 01:59:19,884 - INFO - No data found for saving - 여신전문금융업
2025-07-14 01:59:23,037 - INFO - Collected 7856 records for saving - 저축은행
2025-07-14 01:59:23,418 - INFO - No data found for saving - 보험회사
2025-07-14 01:59:23,539 - INFO - No data found for saving - 금융투자업
2025-07-14 01:59:23,540 - INFO - Processing ANNUITY API
2025-07-14 01:59:23,615 - INFO - No data found for annuity - 은행
2025-07-14 01:59:23,683 - INFO - No data found for annuity - 여신전문금융업
2025-07-14 01:59:23,759 - INFO - No data found for annuity - 저축은행
2025-07-14 01:59:25,124 - INFO - Collected 3632 records for annuity - 보험회사
2025-07-14 01:59:32,779 - INFO - Collected 14256 records for annuity - 금융투자업
2025-07-14 01:59:32,782 - INFO - Processing MORTGAGE API
2025-07-14 01:59:33,470 - INFO - Collected 121 records for mortgage - 은행
2025-07-14 01:59:33,641 - INFO - No data found for mortgage - 여신전문금융업
2025-07-14 01:59:34,293 - INFO - Collected 213 records for mortgage - 저축은행
2025-07-14 01:59:34,895 - INFO - Collected 38 records for mortgage - 보험회사
2025-07-14 01:59:35,103 - INFO - No data found for mortgage - 금융투자업
2025-07-14 01:59:35,104 - INFO - Processing RENT API
2025-07-14 01:59:35,521 - INFO - Collected 87 records for rent - 은행
2025-07-14 01:59:35,682 - INFO - No data found for rent - 여신전문금융업
2025-07-14 01:59:36,125 - INFO - Collected 17 records for rent - 저축은행
2025-07-14 01:59:36,516 - INFO - Collected 14 records for rent - 보험회사
2025-07-14 01:59:36,680 - INFO - No data found for rent - 금융투자업
2025-07-14 01:59:36,681 - INFO - Processing CREDIT API
2025-07-14 01:59:36,989 - INFO - Collected 422 records for credit - 은행
2025-07-14 01:59:37,294 - INFO - Collected 505 records for credit - 여신전문금융업
2025-07-14 01:59:37,614 - INFO - Collected 112 records for credit - 저축은행
2025-07-14 01:59:37,920 - INFO - Collected 87 records for credit - 보험회사
2025-07-14 01:59:38,064 - INFO - No data found for credit - 금융투자업
2025-07-14 01:59:38,066 - INFO - Saving collected data...
2025-07-14 01:59:38,175 - INFO - Saved 2858 records to ./data/raw/F_20250714_015938.csv
2025-07-14 01:59:38,658 - INFO - Saved 9882 records to ./data/raw/D_20250714_015938.csv
2025-07-14 01:59:38,995 - INFO - Saved 8035 records to ./data/raw/S_20250714_015938.csv
2025-07-14 01:59:39,890 - INFO - Saved 17888 records to ./data/raw/P_20250714_015938.csv
2025-07-14 01:59:39,935 - INFO - Saved 372 records to ./data/raw/M_20250714_015938.csv
2025-07-14 01:59:39,964 - INFO - Saved 118 records to ./data/raw/R_20250714_015938.csv
2025-07-14 01:59:40,043 - INFO - Saved 1126 records to ./data/raw/C_20250714_015938.csv
2025-07-14 01:59:40,061 - INFO - === Collection Summary ===
2025-07-14 01:59:40,062 - INFO - Total prdt_div categories: 7
2025-07-14 01:59:40,063 - INFO - prdt_div 'F': 2858 records
2025-07-14 01:59:40,064 - INFO - prdt_div 'D': 9882 records
2025-07-14 01:59:40,065 - INFO - prdt_div 'S': 8035 records
2025-07-14 01:59:40,066 - INFO - prdt_div 'P': 17888 records
2025-07-14 01:59:40,068 - INFO - prdt_div 'M': 372 records
2025-07-14 01:59:40,069 - INFO - prdt_div 'R': 118 records
2025-07-14 01:59:40,071 - INFO - prdt_div 'C': 1126 records
